SF:lib\features\auth\data\model\auth_api_model.dart
DA:17,1
DA:26,1
DA:27,1
DA:29,2
DA:32,1
DA:33,1
DA:34,1
DA:35,1
DA:36,1
DA:37,1
DA:38,1
DA:43,1
DA:44,1
DA:45,1
DA:46,1
DA:47,1
DA:48,1
DA:49,1
DA:52,0
DA:54,0
LF:20
LH:18
end_of_record
SF:lib\features\auth\data\model\auth_api_model.g.dart
DA:9,2
DA:10,1
DA:11,1
DA:12,1
DA:13,1
DA:14,1
DA:15,1
DA:18,1
DA:19,1
DA:20,1
DA:21,1
DA:22,1
DA:23,1
DA:24,1
DA:25,1
LF:15
LH:15
end_of_record
SF:lib\features\auth\domain\entity\auth_entity.dart
DA:11,18
DA:20,1
DA:22,7
LF:3
LH:3
end_of_record
SF:lib\app\constants\api_endpoints.dart
DA:2,0
LF:1
LH:0
end_of_record
SF:lib\app\constants\hive_table_constant.dart
DA:2,0
LF:1
LH:0
end_of_record
SF:lib\app\di\di.dart
DA:36,0
DA:38,0
DA:40,0
DA:41,0
DA:43,0
DA:44,0
DA:46,0
DA:47,0
DA:48,0
DA:49,0
DA:53,0
DA:54,0
DA:57,0
DA:58,0
DA:59,0
DA:63,0
DA:64,0
DA:65,0
DA:67,0
DA:68,0
DA:70,0
DA:73,0
DA:78,0
DA:79,0
DA:80,0
DA:81,0
DA:86,0
DA:87,0
DA:88,0
DA:89,0
DA:90,0
DA:91,0
DA:101,0
DA:103,0
DA:104,0
DA:106,0
DA:107,0
DA:109,0
DA:110,0
DA:112,0
DA:113,0
DA:116,0
DA:117,0
DA:121,0
DA:122,0
DA:125,0
DA:126,0
DA:130,0
DA:131,0
DA:134,0
DA:135,0
DA:138,0
DA:139,0
DA:142,0
DA:143,0
DA:144,0
DA:145,0
DA:150,0
DA:151,0
DA:154,0
DA:155,0
DA:156,0
DA:158,0
DA:159,0
DA:163,0
DA:166,0
DA:167,0
DA:169,0
DA:170,0
DA:174,0
DA:175,0
DA:177,0
DA:178,0
DA:179,0
DA:182,0
DA:183,0
DA:184,0
DA:185,0
DA:186,0
DA:198,0
DA:199,0
DA:201,0
DA:202,0
DA:204,0
DA:205,0
DA:207,0
DA:208,0
DA:211,0
DA:212,0
DA:213,0
DA:214,0
DA:215,0
DA:216,0
LF:93
LH:0
end_of_record
SF:lib\app\shared_prefs\token_shared_prefs.dart
DA:8,0
DA:10,0
DA:12,0
DA:13,0
DA:15,0
DA:19,0
DA:21,0
DA:22,0
DA:24,0
DA:28,0
DA:30,0
DA:31,0
DA:32,0
DA:34,0
DA:36,0
DA:40,0
DA:42,0
DA:43,0
DA:45,0
DA:47,0
LF:20
LH:0
end_of_record
SF:lib\core\network\api_service.dart
DA:9,0
DA:11,0
DA:12,0
DA:13,0
DA:14,0
DA:15,0
DA:16,0
DA:17,0
DA:20,0
LF:9
LH:0
end_of_record
SF:lib\core\network\connectivity_listener.dart
DA:7,0
DA:8,0
DA:10,0
DA:16,0
DA:17,0
LF:5
LH:0
end_of_record
SF:lib\core\network\hive_service.dart
DA:8,0
DA:10,0
DA:11,0
DA:13,0
DA:16,0
DA:17,0
DA:21,0
DA:22,0
DA:23,0
DA:26,0
DA:27,0
DA:28,0
DA:31,0
DA:32,0
DA:33,0
DA:37,0
DA:38,0
DA:39,0
DA:40,0
DA:41,0
DA:42,0
DA:46,0
DA:48,0
DA:49,0
DA:52,0
DA:54,0
DA:56,0
DA:57,0
DA:67,0
DA:68,0
DA:71,0
DA:74,0
DA:75,0
DA:78,0
DA:81,0
DA:82,0
DA:86,0
DA:87,0
DA:90,0
DA:91,0
LF:40
LH:0
end_of_record
SF:lib\features\auth\data\data_source\local_data_source\auth_local_data_source.dart
DA:12,0
DA:14,0
DA:17,0
DA:26,0
DA:29,0
DA:30,0
DA:32,0
DA:36,0
DA:40,0
DA:42,0
DA:43,0
DA:45,0
DA:49,0
DA:51,0
DA:54,0
DA:57,0
DA:60,0
DA:63,0
LF:18
LH:0
end_of_record
SF:lib\features\auth\data\data_source\remote_data_source\auth_remote_data_source.dart
DA:13,0
DA:14,0
DA:17,0
DA:20,0
DA:23,0
DA:24,0
DA:25,0
DA:26,0
DA:28,0
DA:30,0
DA:31,0
DA:33,0
DA:37,0
DA:40,0
DA:41,0
DA:42,0
DA:43,0
DA:44,0
DA:45,0
DA:46,0
DA:48,0
DA:51,0
DA:53,0
DA:54,0
DA:56,0
DA:60,0
DA:63,0
DA:64,0
DA:65,0
DA:66,0
DA:67,0
DA:72,0
DA:76,0
DA:77,0
DA:79,0
DA:81,0
DA:82,0
DA:84,0
DA:88,0
DA:90,0
DA:91,0
DA:92,0
DA:93,0
DA:94,0
DA:95,0
DA:96,0
DA:97,0
DA:98,0
DA:102,0
DA:103,0
DA:106,0
DA:110,0
DA:112,0
DA:113,0
DA:115,0
DA:117,0
DA:118,0
DA:119,0
DA:122,0
LF:59
LH:0
end_of_record
SF:lib\features\auth\data\repository\auth_local_repository\auth_local_repository.dart
DA:12,0
DA:14,0
DA:17,0
DA:18,0
DA:20,0
DA:24,0
DA:30,0
DA:31,0
DA:33,0
DA:37,0
DA:40,0
DA:42,0
DA:46,0
DA:49,0
DA:52,0
DA:55,0
DA:58,0
DA:61,0
LF:18
LH:0
end_of_record
SF:lib\features\auth\data\repository\auth_remote_repository\auth_remote_repository.dart
DA:12,0
DA:13,0
DA:16,0
DA:19,0
DA:23,0
DA:24,0
DA:26,0
DA:30,0
DA:33,0
DA:36,0
DA:40,0
DA:43,0
DA:44,0
DA:46,0
DA:50,0
DA:54,0
DA:55,0
DA:57,0
DA:61,0
DA:64,0
DA:65,0
DA:67,0
LF:22
LH:0
end_of_record
SF:lib\features\auth\domain\use_case\get_user_data_usecase.dart
DA:12,1
DA:14,0
DA:16,0
DA:17,0
DA:24,0
DA:26,0
DA:28,0
LF:7
LH:1
end_of_record
SF:lib\features\auth\domain\use_case\login_user_usecase.dart
DA:13,2
DA:15,0
DA:19,0
DA:20,0
DA:27,1
DA:29,1
DA:31,4
DA:33,1
DA:34,2
DA:35,0
DA:37,0
DA:40,0
DA:41,0
DA:44,0
DA:45,0
DA:50,0
DA:52,0
LF:17
LH:6
end_of_record
SF:lib\features\auth\domain\use_case\register_user_usecase.dart
DA:15,3
DA:24,0
DA:32,0
DA:33,0
DA:40,1
DA:42,1
DA:44,1
DA:45,1
DA:46,1
DA:47,1
DA:48,1
DA:49,1
DA:51,2
LF:13
LH:10
end_of_record
SF:lib\features\auth\domain\use_case\update_user_usecase.dart
DA:17,3
DA:25,0
DA:33,0
DA:35,0
DA:42,0
DA:44,0
DA:46,0
DA:47,0
DA:48,0
DA:49,0
DA:50,0
DA:51,0
DA:52,0
DA:54,0
LF:14
LH:1
end_of_record
SF:lib\features\auth\domain\use_case\upload_image_usecase.dart
DA:12,3
DA:17,0
DA:19,0
DA:20,0
DA:26,1
DA:28,1
DA:30,3
DA:31,3
LF:8
LH:5
end_of_record
SF:lib\features\auth\presentation\view_model\login\login_state.dart
DA:7,2
DA:12,1
DA:16,1
DA:20,1
DA:21,0
DA:22,1
DA:26,1
DA:28,3
LF:8
LH:7
end_of_record
SF:lib\features\auth\presentation\view_model\login\login_event.dart
DA:4,1
DA:6,0
DA:7,0
DA:14,0
DA:24,0
DA:35,1
LF:6
LH:2
end_of_record
SF:lib\features\auth\presentation\view_model\login\login_bloc.dart
DA:21,1
DA:30,2
DA:31,2
DA:32,3
DA:33,2
DA:34,2
DA:36,2
DA:37,1
DA:38,1
DA:39,1
DA:43,2
DA:44,3
DA:50,1
DA:51,3
DA:53,2
DA:54,2
DA:57,2
DA:58,3
DA:59,1
DA:71,1
DA:72,0
DA:73,0
DA:74,0
DA:75,0
DA:76,0
DA:79,1
DA:80,0
DA:81,0
DA:82,0
DA:83,0
DA:84,0
DA:85,0
LF:32
LH:21
end_of_record
SF:lib\features\auth\presentation\view_model\signup\register_bloc.dart
DA:12,1
DA:18,2
DA:19,2
DA:20,2
DA:21,2
DA:23,2
DA:26,1
DA:30,3
DA:31,3
DA:34,1
DA:38,3
DA:40,4
DA:42,1
DA:43,0
DA:45,0
DA:47,1
DA:49,3
DA:56,0
DA:60,1
DA:64,3
DA:66,3
DA:67,1
DA:68,1
DA:69,1
DA:70,1
DA:71,1
DA:74,1
DA:75,1
DA:77,3
DA:79,1
DA:81,4
DA:88,0
LF:32
LH:28
end_of_record
SF:lib\features\auth\presentation\view_model\user_bloc.dart
DA:15,1
DA:22,1
DA:23,2
DA:24,2
DA:25,2
DA:28,1
DA:32,3
DA:34,3
DA:35,1
DA:36,1
DA:37,1
DA:38,1
DA:39,1
DA:40,1
DA:43,1
DA:44,0
DA:45,0
DA:46,0
DA:47,0
DA:48,0
DA:51,1
DA:52,3
DA:54,1
DA:55,1
DA:56,1
DA:57,1
DA:58,1
DA:59,1
DA:69,1
DA:70,0
DA:76,0
DA:77,0
DA:78,0
DA:79,0
DA:80,0
DA:81,0
DA:84,0
DA:85,0
DA:86,0
DA:87,0
DA:88,0
DA:89,0
DA:94,0
DA:98,0
DA:100,0
DA:102,0
DA:103,0
DA:104,0
DA:105,0
DA:106,0
DA:107,0
DA:110,0
DA:111,0
LF:53
LH:24
end_of_record
SF:lib\features\booking\data\data_source\local_data_source\book_guide_local_data_source.dart
DA:15,0
DA:19,0
DA:22,0
DA:23,0
DA:25,0
DA:29,0
DA:39,0
DA:42,0
DA:44,0
DA:45,0
DA:46,0
DA:50,0
DA:53,0
LF:13
LH:0
end_of_record
SF:lib\features\booking\data\data_source\remote_data_source\booking_remote_data_source.dart
DA:12,0
DA:14,0
DA:17,0
DA:18,0
DA:19,0
DA:20,0
DA:21,0
DA:22,0
DA:23,0
DA:24,0
DA:25,0
DA:27,0
DA:30,0
DA:32,0
DA:33,0
DA:35,0
DA:39,0
DA:43,0
DA:46,0
DA:48,0
DA:52,0
DA:53,0
DA:57,0
DA:58,0
DA:59,0
DA:60,0
DA:61,0
DA:62,0
DA:63,0
DA:64,0
DA:70,0
DA:72,0
DA:74,0
DA:77,0
DA:81,0
DA:84,0
DA:86,0
DA:87,0
DA:88,0
DA:92,0
DA:94,0
DA:98,0
DA:102,0
DA:104,0
DA:105,0
DA:107,0
DA:111,0
DA:114,0
DA:115,0
DA:118,0
DA:120,0
DA:121,0
DA:123,0
LF:53
LH:0
end_of_record
SF:lib\features\booking\data\repository\auth_local_repository\booking_local_repository.dart
DA:16,0
DA:18,0
DA:21,0
DA:24,0
DA:28,0
DA:31,0
DA:34,0
DA:37,0
DA:38,0
DA:40,0
DA:44,0
DA:47,0
LF:12
LH:0
end_of_record
SF:lib\features\booking\data\repository\booking_remote_repository\booking_remote_repository.dart
DA:11,0
DA:13,0
DA:16,0
DA:19,0
DA:23,0
DA:26,0
DA:27,0
DA:29,0
DA:33,0
DA:36,0
DA:37,0
DA:39,0
DA:43,0
DA:46,0
DA:50,0
LF:15
LH:0
end_of_record
SF:lib\features\booking\data\repository\booking_repository_proxy.dart
DA:18,0
DA:22,0
DA:25,0
DA:28,0
DA:31,0
DA:34,0
DA:37,0
DA:40,0
DA:58,0
DA:62,0
DA:66,0
DA:68,0
DA:71,0
DA:88,0
DA:92,0
LF:15
LH:0
end_of_record
SF:lib\features\booking\domain\use_case\booking_usecase.dart
DA:19,1
DA:29,0
DA:31,0
DA:37,0
DA:38,0
DA:41,0
DA:42,0
DA:43,0
DA:44,0
DA:45,0
DA:46,0
DA:47,0
DA:48,0
DA:49,0
DA:50,0
DA:53,0
LF:16
LH:1
end_of_record
SF:lib\features\booking\domain\use_case\delete_booking_usecase.dart
DA:10,1
DA:11,0
DA:13,0
DA:20,0
DA:21,0
DA:23,0
LF:6
LH:1
end_of_record
SF:lib\features\booking\domain\use_case\get_all_guides_usecase.dart
DA:10,0
DA:12,0
DA:15,0
DA:18,0
LF:4
LH:0
end_of_record
SF:lib\features\booking\domain\use_case\get_all_user_bookings.dart
DA:11,0
DA:12,0
DA:14,0
DA:21,0
DA:23,0
DA:26,0
DA:29,0
LF:7
LH:0
end_of_record
SF:lib\features\booking\presentation\view_model\booking\booking_bloc.dart
DA:17,1
DA:26,1
DA:27,2
DA:28,2
DA:29,2
DA:30,2
DA:34,1
DA:38,3
DA:41,3
DA:42,1
DA:43,1
DA:44,1
DA:45,1
DA:46,1
DA:47,1
DA:48,1
DA:49,1
DA:52,1
DA:53,4
DA:54,1
DA:55,3
DA:61,0
DA:65,0
DA:67,0
DA:69,0
DA:70,0
DA:73,0
DA:74,0
DA:78,0
DA:79,0
DA:80,0
DA:81,0
DA:82,0
DA:87,0
DA:91,0
DA:94,0
DA:95,0
DA:97,0
DA:98,0
DA:99,0
DA:100,0
DA:101,0
DA:106,1
DA:110,3
DA:113,1
DA:114,3
DA:116,1
DA:117,0
DA:118,1
DA:119,3
LF:50
LH:28
end_of_record
SF:lib\features\home\presentation\view_model\home_bloc.dart
DA:7,0
DA:8,0
DA:9,0
DA:10,0
DA:11,0
DA:12,0
LF:6
LH:0
end_of_record
SF:lib\features\home\presentation\view_model\home_cubit.dart
DA:10,0
DA:12,0
DA:13,0
DA:16,0
DA:18,0
DA:19,0
DA:20,0
DA:22,0
DA:23,0
DA:24,0
DA:25,0
LF:11
LH:0
end_of_record
SF:lib\features\splash\presentation\view_model\splash_cubit.dart
DA:8,0
DA:12,0
DA:13,0
DA:16,0
DA:17,0
DA:19,0
DA:20,0
DA:21,0
DA:22,0
LF:9
LH:0
end_of_record
SF:lib\core\error\failure.dart
DA:7,6
DA:9,1
DA:10,2
DA:14,0
DA:19,6
DA:25,0
LF:6
LH:4
end_of_record
SF:lib\core\app_theme\common\snackbar\my_snackbar.dart
DA:3,0
DA:8,0
DA:10,0
DA:11,0
DA:12,0
LF:5
LH:0
end_of_record
SF:lib\core\network\dio_error_interceptor.dart
DA:4,0
DA:6,0
DA:8,0
DA:9,0
DA:10,0
DA:11,0
DA:12,0
DA:13,0
DA:16,0
DA:17,0
DA:18,0
DA:20,0
DA:25,0
DA:26,0
DA:28,0
DA:31,0
LF:16
LH:0
end_of_record
SF:lib\features\auth\data\model\auth_user_model.dart
DA:25,0
DA:32,0
DA:35,11
DA:44,0
DA:45,0
DA:46,0
DA:47,0
DA:48,0
DA:49,0
DA:50,0
DA:51,0
DA:56,0
DA:57,0
DA:58,0
DA:59,0
DA:60,0
DA:61,0
DA:62,0
DA:63,0
DA:67,0
DA:68,0
LF:21
LH:1
end_of_record
SF:lib\features\auth\data\model\auth_user_model.g.dart
DA:13,0
DA:15,0
DA:16,0
DA:17,0
DA:19,0
DA:20,0
DA:21,0
DA:22,0
DA:23,0
DA:24,0
DA:25,0
DA:29,0
DA:32,0
DA:33,0
DA:34,0
DA:35,0
DA:36,0
DA:37,0
DA:38,0
DA:39,0
DA:40,0
DA:41,0
DA:42,0
DA:43,0
DA:44,0
DA:47,0
DA:48,0
DA:50,0
DA:53,0
DA:54,0
DA:55,0
LF:31
LH:0
end_of_record
SF:lib\features\booking\data\model\booking_hive_model.g.dart
DA:13,0
DA:15,0
DA:16,0
DA:17,0
DA:19,0
DA:20,0
DA:21,0
DA:22,0
DA:23,0
DA:24,0
DA:25,0
DA:26,0
DA:27,0
DA:31,0
DA:34,0
DA:35,0
DA:36,0
DA:37,0
DA:38,0
DA:39,0
DA:40,0
DA:41,0
DA:42,0
DA:43,0
DA:44,0
DA:45,0
DA:46,0
DA:47,0
DA:48,0
DA:49,0
DA:50,0
DA:53,0
DA:54,0
DA:56,0
DA:59,0
DA:60,0
DA:61,0
LF:37
LH:0
end_of_record
SF:lib\features\booking\data\model\booking_hive_model.dart
DA:28,0
DA:37,0
DA:40,0
DA:41,0
DA:42,0
DA:43,0
DA:44,0
DA:45,0
DA:47,0
DA:48,0
DA:49,0
DA:50,0
DA:51,0
DA:56,0
DA:57,0
DA:58,0
DA:59,0
DA:60,0
DA:61,0
DA:62,0
DA:63,0
DA:64,0
DA:65,0
DA:69,0
DA:70,0
DA:72,0
DA:74,0
DA:75,0
DA:78,0
DA:79,0
DA:80,0
DA:81,0
DA:82,0
DA:83,0
DA:84,0
DA:85,0
DA:86,0
DA:87,0
LF:38
LH:0
end_of_record
SF:lib\features\auth\presentation\view\login_view.dart
DA:8,1
DA:10,1
DA:11,1
DA:20,1
DA:25,2
DA:26,2
DA:27,1
DA:30,1
DA:32,1
DA:33,1
DA:38,1
DA:39,1
DA:40,1
DA:42,1
DA:43,1
DA:53,1
DA:54,1
DA:56,1
DA:57,1
DA:58,1
DA:60,1
DA:62,1
DA:101,1
DA:103,1
DA:104,1
DA:108,1
DA:109,1
DA:110,1
DA:113,1
DA:114,1
DA:120,1
DA:135,1
DA:136,1
DA:139,1
DA:141,1
DA:142,1
DA:144,1
DA:146,1
DA:150,1
DA:151,1
DA:152,1
DA:154,1
DA:155,1
DA:161,0
DA:162,0
DA:168,1
DA:169,1
DA:176,1
DA:178,1
DA:179,0
DA:198,1
DA:199,1
DA:200,3
DA:201,0
DA:203,0
DA:204,0
DA:207,1
DA:209,1
DA:210,1
DA:225,1
DA:227,0
DA:228,0
DA:229,0
LF:63
LH:54
end_of_record
SF:lib\features\auth\presentation\view\register_view.dart
DA:15,12
DA:17,1
DA:18,1
DA:33,1
DA:34,2
DA:35,0
DA:36,0
DA:43,1
DA:45,2
DA:47,0
DA:48,0
DA:49,0
DA:50,0
DA:56,0
DA:60,1
DA:62,1
DA:63,0
DA:64,0
DA:65,0
DA:66,0
DA:69,0
DA:73,1
DA:75,1
DA:76,1
DA:77,1
DA:79,1
DA:80,1
DA:90,1
DA:91,1
DA:93,1
DA:94,1
DA:96,1
DA:97,1
DA:98,1
DA:99,1
DA:100,1
DA:108,2
DA:110,1
DA:112,1
DA:117,1
DA:118,1
DA:120,1
DA:121,1
DA:122,1
DA:123,1
DA:130,1
DA:132,1
DA:133,1
DA:134,1
DA:135,1
DA:148,1
DA:151,1
DA:154,1
DA:155,0
DA:173,1
DA:174,1
DA:191,1
DA:192,1
DA:193,1
DA:194,1
DA:195,1
DA:197,1
DA:198,1
DA:199,1
DA:202,2
DA:206,1
DA:207,1
DA:208,1
DA:211,2
DA:215,1
DA:216,1
DA:217,1
DA:220,2
DA:224,1
DA:225,1
DA:226,1
DA:230,2
DA:234,1
DA:235,1
DA:236,1
DA:237,1
DA:238,1
DA:239,0
DA:240,0
DA:241,0
DA:245,1
DA:246,1
DA:247,0
DA:248,0
DA:250,0
DA:251,0
DA:269,1
DA:270,1
DA:274,1
DA:275,1
DA:278,1
DA:279,3
DA:281,0
DA:282,0
DA:290,0
DA:292,0
DA:293,0
DA:294,0
DA:295,0
DA:296,0
DA:309,1
DA:310,0
DA:311,0
DA:335,1
DA:342,1
DA:345,1
DA:346,1
DA:353,1
DA:354,1
DA:355,1
LF:115
LH:85
end_of_record
SF:lib\features\auth\presentation\view\profile_view.dart
DA:14,11
DA:16,0
DA:18,0
DA:19,0
DA:22,0
DA:24,0
DA:26,0
DA:27,0
DA:28,0
DA:30,0
DA:31,0
DA:32,0
DA:34,0
DA:36,0
DA:37,0
DA:38,0
DA:40,0
DA:52,0
DA:54,0
DA:55,0
DA:56,0
DA:57,0
DA:59,0
DA:62,0
DA:64,0
DA:65,0
DA:67,0
DA:69,0
DA:74,0
DA:77,0
DA:79,0
DA:84,0
DA:87,0
DA:88,0
DA:89,0
DA:91,0
DA:92,0
DA:95,0
DA:96,0
DA:98,0
DA:99,0
DA:100,0
DA:101,0
DA:105,0
DA:107,0
DA:110,0
DA:112,0
DA:113,0
DA:114,0
DA:116,0
DA:118,0
DA:131,0
DA:132,0
DA:133,0
DA:141,0
DA:142,0
DA:143,0
DA:151,0
DA:152,0
DA:153,0
DA:155,0
DA:157,0
DA:160,0
DA:162,0
DA:163,0
DA:174,0
DA:175,0
DA:178,0
DA:180,0
DA:181,0
DA:182,0
DA:183,0
DA:189,0
DA:191,0
DA:200,0
DA:206,0
DA:209,0
DA:210,0
DA:214,0
DA:225,0
DA:232,0
DA:234,0
DA:235,0
DA:236,0
DA:238,0
DA:240,0
DA:242,0
DA:249,0
DA:250,0
DA:252,0
DA:253,0
DA:261,0
DA:272,0
DA:282,0
DA:285,0
DA:287,0
DA:288,0
DA:289,0
DA:302,0
DA:308,0
DA:309,0
DA:324,0
DA:326,0
DA:329,0
DA:330,0
DA:331,0
DA:332,0
DA:335,0
DA:337,0
DA:338,0
DA:339,0
DA:340,0
DA:341,0
DA:344,0
DA:346,0
DA:348,0
DA:349,0
DA:350,0
DA:354,0
DA:358,0
DA:359,0
DA:360,0
DA:361,0
DA:362,0
DA:363,0
DA:364,0
DA:365,0
DA:368,0
DA:369,0
DA:370,0
DA:373,0
DA:376,0
DA:377,0
DA:378,0
DA:388,0
DA:389,0
DA:390,0
DA:391,0
DA:394,0
DA:395,0
DA:396,0
DA:397,0
DA:398,0
DA:400,0
DA:401,0
DA:402,0
DA:406,0
DA:407,0
DA:411,0
DA:412,0
DA:415,0
DA:416,0
DA:417,0
DA:418,0
DA:422,0
DA:426,0
DA:429,0
DA:433,0
DA:434,0
DA:436,0
DA:438,0
DA:439,0
DA:444,0
DA:447,0
DA:448,0
DA:453,0
DA:454,0
DA:456,0
DA:457,0
DA:467,0
DA:471,0
DA:473,0
DA:475,0
DA:477,0
DA:478,0
DA:479,0
DA:481,0
DA:483,0
DA:484,0
DA:485,0
DA:490,0
DA:492,0
DA:497,0
DA:499,0
DA:500,0
DA:501,0
DA:502,0
DA:504,0
DA:505,0
DA:507,0
DA:509,0
DA:511,0
DA:514,0
DA:516,0
DA:517,0
DA:528,0
DA:533,0
DA:534,0
DA:535,0
DA:542,0
DA:547,0
DA:548,0
DA:549,0
DA:556,0
DA:561,0
DA:562,0
DA:563,0
DA:570,0
DA:575,0
DA:582,0
DA:583,0
DA:584,0
DA:585,0
DA:588,0
DA:590,0
DA:591,0
DA:594,0
LF:217
LH:1
end_of_record
SF:lib\features\auth\presentation\view_model\user_event.dart
DA:7,1
DA:9,0
DA:10,0
DA:17,0
DA:29,1
DA:43,0
LF:6
LH:2
end_of_record
SF:lib\features\auth\presentation\view_model\user_state.dart
DA:15,11
DA:27,3
DA:39,1
DA:51,1
DA:52,1
DA:53,1
DA:54,1
DA:55,1
DA:56,1
DA:57,1
DA:58,1
DA:59,1
DA:60,0
DA:61,1
DA:64,1
DA:66,11
LF:16
LH:15
end_of_record
SF:lib\features\auth\presentation\view_model\signup\register_event.dart
DA:9,1
DA:11,0
DA:12,0
DA:21,1
DA:38,1
LF:5
LH:3
end_of_record
SF:lib\features\auth\presentation\view\terms_and_conditions.dart
DA:4,11
DA:6,0
DA:8,0
DA:9,0
LF:4
LH:1
end_of_record
SF:lib\features\home\presentation\view\home_view.dart
DA:12,0
DA:14,0
DA:17,0
DA:19,0
DA:20,0
DA:21,0
DA:31,0
DA:32,0
DA:34,0
DA:35,0
DA:40,0
DA:45,0
DA:46,0
DA:47,0
DA:49,0
DA:53,0
DA:54,0
DA:55,0
DA:61,0
DA:68,0
DA:69,0
DA:78,0
DA:85,0
DA:86,0
DA:89,0
DA:90,0
DA:94,0
DA:95,0
DA:99,0
DA:100,0
DA:105,0
DA:106,0
DA:113,0
DA:120,0
DA:123,0
DA:125,0
LF:36
LH:0
end_of_record
SF:lib\features\auth\presentation\view_model\signup\register_state.dart
DA:9,1
DA:15,1
DA:20,1
DA:25,1
DA:26,0
DA:27,1
DA:28,1
DA:32,1
DA:33,4
LF:9
LH:8
end_of_record
SF:lib\features\booking\booking_view.dart
DA:16,0
DA:22,0
DA:23,0
DA:37,0
DA:38,0
DA:40,0
DA:41,0
DA:42,0
DA:44,0
DA:45,0
DA:46,0
DA:51,0
DA:52,0
DA:54,0
DA:56,0
DA:57,0
DA:58,0
DA:63,0
DA:65,0
DA:66,0
DA:74,0
DA:75,0
DA:77,0
DA:78,0
DA:79,0
DA:80,0
DA:81,0
DA:84,0
DA:85,0
DA:95,0
DA:97,0
DA:99,0
DA:101,0
DA:102,0
DA:109,0
DA:117,0
DA:120,0
DA:122,0
DA:123,0
DA:125,0
DA:131,0
DA:132,0
DA:135,0
DA:136,0
DA:137,0
DA:141,0
DA:143,0
DA:149,0
DA:150,0
DA:153,0
DA:154,0
DA:161,0
DA:164,0
DA:166,0
DA:167,0
DA:169,0
DA:175,0
DA:176,0
DA:177,0
DA:180,0
DA:181,0
DA:182,0
DA:186,0
DA:189,0
DA:192,0
DA:193,0
DA:194,0
DA:202,0
DA:204,0
DA:210,0
DA:211,0
DA:213,0
DA:214,0
DA:215,0
DA:218,0
DA:222,0
DA:223,0
DA:225,0
DA:229,0
DA:236,0
DA:239,0
DA:243,0
DA:244,0
DA:245,0
DA:248,0
DA:249,0
DA:250,0
DA:256,0
DA:259,0
DA:263,0
DA:264,0
DA:265,0
DA:266,0
DA:267,0
DA:268,0
DA:269,0
DA:272,0
DA:273,0
DA:274,0
DA:277,0
DA:285,0
DA:286,0
DA:287,0
DA:288,0
DA:289,0
DA:291,0
DA:292,0
DA:293,0
DA:294,0
DA:295,0
DA:296,0
DA:302,0
DA:311,0
DA:314,0
DA:315,0
DA:316,0
DA:317,0
DA:323,0
DA:324,0
DA:326,0
DA:327,0
DA:328,0
DA:329,0
DA:330,0
DA:331,0
DA:334,0
DA:335,0
DA:338,0
DA:339,0
DA:348,0
DA:350,0
DA:351,0
DA:352,0
DA:353,0
DA:354,0
DA:356,0
DA:357,0
DA:361,0
DA:363,0
DA:364,0
DA:365,0
DA:366,0
DA:367,0
DA:368,0
DA:369,0
DA:370,0
DA:371,0
DA:378,0
DA:397,0
DA:398,0
DA:399,0
DA:403,0
DA:408,0
DA:411,0
DA:415,0
DA:417,0
DA:433,0
DA:441,0
DA:443,0
DA:445,0
DA:446,0
DA:447,0
DA:448,0
DA:450,0
DA:451,0
DA:452,0
DA:454,0
DA:456,0
DA:457,0
DA:465,0
DA:467,0
DA:468,0
DA:469,0
DA:470,0
DA:472,0
DA:481,0
DA:482,0
DA:484,0
DA:485,0
DA:488,0
DA:500,0
DA:501,0
DA:502,0
DA:503,0
DA:504,0
DA:508,0
DA:513,0
DA:516,0
DA:520,0
DA:522,0
LF:190
LH:0
end_of_record
SF:lib\features\booking\conformation_view.dart
DA:12,0
DA:23,0
DA:24,0
DA:31,0
DA:33,0
DA:34,0
DA:39,0
DA:47,0
DA:49,0
DA:50,0
DA:52,0
DA:54,0
DA:55,0
DA:56,0
DA:57,0
DA:61,0
DA:63,0
DA:64,0
DA:65,0
DA:84,0
DA:85,0
DA:86,0
DA:87,0
DA:93,0
DA:94,0
DA:97,0
DA:98,0
DA:99,0
DA:100,0
DA:114,0
DA:115,0
DA:116,0
DA:121,0
DA:122,0
DA:123,0
DA:124,0
DA:125,0
DA:126,0
DA:128,0
DA:135,0
DA:136,0
DA:137,0
DA:138,0
DA:140,0
DA:157,0
DA:158,0
DA:160,0
DA:162,0
DA:163,0
DA:164,0
DA:165,0
DA:175,0
DA:176,0
DA:177,0
DA:178,0
DA:179,0
DA:182,0
DA:185,0
DA:186,0
DA:187,0
DA:188,0
DA:190,0
DA:191,0
DA:192,0
DA:193,0
DA:195,0
DA:196,0
DA:197,0
DA:198,0
DA:242,0
DA:243,0
DA:246,0
DA:247,0
DA:248,0
DA:249,0
DA:252,0
DA:254,0
DA:259,0
DA:260,0
DA:263,0
DA:264,0
DA:265,0
DA:266,0
DA:267,0
LF:84
LH:0
end_of_record
SF:lib\features\booking\presentation\view_model\booking\booking_event.dart
DA:7,1
DA:9,0
DA:10,0
DA:24,1
DA:41,0
DA:55,0
DA:75,0
DA:91,0
DA:102,0
DA:109,0
DA:116,1
LF:11
LH:3
end_of_record
SF:lib\features\booking\presentation\view_model\booking\booking_state.dart
DA:23,1
DA:41,11
DA:58,1
DA:75,1
DA:76,0
DA:77,1
DA:78,1
DA:79,1
DA:80,1
DA:81,1
DA:82,1
DA:83,1
DA:84,1
DA:85,1
DA:86,1
DA:87,1
DA:88,1
DA:89,1
DA:90,1
DA:94,1
DA:95,1
DA:96,1
DA:97,1
DA:98,1
DA:99,1
DA:100,1
DA:101,1
DA:102,1
DA:103,1
DA:104,1
DA:105,1
DA:106,1
DA:107,1
DA:108,1
DA:109,1
DA:110,1
LF:36
LH:35
end_of_record
SF:lib\features\booking\data\model\booking_api_model.dart
DA:21,0
DA:33,0
DA:34,0
DA:35,0
DA:36,0
DA:37,0
DA:38,0
DA:39,0
DA:40,0
DA:41,0
DA:42,0
DA:43,0
DA:47,0
DA:50,0
DA:51,0
DA:52,0
DA:53,0
DA:54,0
DA:55,0
DA:56,0
DA:57,0
DA:58,0
DA:59,0
DA:60,0
DA:65,0
DA:66,0
DA:67,0
DA:68,0
DA:69,0
DA:70,0
DA:71,0
DA:72,0
DA:73,0
DA:74,0
DA:75,0
DA:79,0
DA:80,0
DA:81,0
DA:82,0
DA:83,0
DA:84,0
DA:85,0
DA:86,0
DA:87,0
DA:88,0
DA:89,0
LF:46
LH:0
end_of_record
SF:lib\features\booking\data\model\booking_api_model.g.dart
DA:9,0
DA:10,0
DA:11,0
DA:12,0
DA:13,0
DA:14,0
DA:15,0
DA:16,0
DA:17,0
DA:18,0
DA:19,0
DA:22,0
DA:23,0
DA:24,0
DA:25,0
DA:26,0
DA:27,0
DA:28,0
DA:29,0
DA:30,0
DA:31,0
DA:32,0
LF:22
LH:0
end_of_record
SF:lib\features\booking\data\model\guide_api_model.dart
DA:16,0
DA:24,0
DA:25,0
DA:27,0
DA:30,0
DA:31,0
DA:32,0
DA:33,0
DA:34,0
DA:35,0
DA:36,0
DA:41,0
DA:42,0
DA:43,0
DA:44,0
DA:45,0
DA:46,0
DA:47,0
DA:51,0
DA:52,0
DA:53,0
DA:55,0
LF:22
LH:0
end_of_record
SF:lib\features\booking\data\model\guide_api_model.g.dart
DA:9,0
DA:10,0
DA:11,0
DA:12,0
DA:13,0
DA:14,0
DA:15,0
DA:18,0
DA:19,0
DA:20,0
DA:21,0
DA:22,0
DA:23,0
DA:24,0
LF:14
LH:0
end_of_record
SF:lib\features\booking\domain\entity\book_guide_entity.dart
DA:14,0
DA:25,0
DA:36,0
DA:37,0
DA:38,0
DA:39,0
DA:40,0
DA:41,0
DA:42,0
DA:43,0
DA:44,0
DA:45,0
LF:12
LH:0
end_of_record
SF:lib\features\booking\domain\entity\guide_entity.dart
DA:10,0
DA:17,0
DA:24,0
DA:26,0
LF:4
LH:0
end_of_record
SF:lib\features\booking\data\dto\get_all_guides_dto.dart
DA:17,0
DA:19,0
DA:20,0
DA:22,0
LF:4
LH:0
end_of_record
SF:lib\features\booking\data\dto\get_all_guides_dto.g.dart
DA:9,0
DA:10,0
DA:11,0
DA:12,0
DA:13,0
DA:14,0
DA:15,0
DA:18,0
DA:19,0
DA:20,0
DA:21,0
DA:22,0
DA:23,0
DA:24,0
LF:14
LH:0
end_of_record
SF:lib\features\booking\presentation\user_bookings_view.dart
DA:13,11
DA:15,0
DA:16,0
DA:25,0
DA:27,0
DA:28,0
DA:31,0
DA:34,0
DA:35,0
DA:39,0
DA:40,0
DA:42,0
DA:45,0
DA:46,0
DA:49,0
DA:50,0
DA:58,0
DA:62,0
DA:63,0
DA:68,0
DA:72,0
DA:75,0
DA:76,0
DA:79,0
DA:81,0
DA:82,0
DA:83,0
DA:84,0
DA:91,0
DA:92,0
DA:94,0
DA:99,0
DA:100,0
DA:101,0
DA:103,0
DA:105,0
DA:107,0
DA:108,0
DA:109,0
DA:110,0
DA:117,0
DA:118,0
DA:120,0
DA:122,0
DA:124,0
DA:125,0
DA:142,0
DA:144,0
DA:147,0
DA:148,0
DA:150,0
DA:152,0
DA:154,0
DA:155,0
DA:157,0
DA:159,0
DA:161,0
DA:162,0
DA:170,0
DA:171,0
DA:175,0
DA:176,0
DA:181,0
DA:182,0
DA:186,0
DA:187,0
DA:195,0
DA:196,0
DA:199,0
DA:200,0
DA:207,0
DA:208,0
DA:209,0
DA:212,0
DA:213,0
DA:215,0
DA:216,0
DA:221,0
DA:223,0
DA:224,0
DA:244,0
DA:245,0
DA:247,0
DA:250,0
DA:251,0
DA:252,0
DA:255,0
DA:256,0
DA:265,0
DA:266,0
DA:268,0
DA:269,0
DA:279,0
DA:280,0
DA:282,0
DA:283,0
DA:287,0
DA:292,0
DA:295,0
DA:299,0
DA:301,0
DA:312,0
DA:314,0
DA:315,0
DA:317,0
DA:318,0
DA:319,0
DA:322,0
DA:323,0
DA:326,0
DA:328,0
LF:111
LH:1
end_of_record
SF:lib\features\home\presentation\view\bottom_view\about_us.dart
DA:4,11
DA:6,0
LF:2
LH:1
end_of_record
SF:lib\features\home\presentation\view\bottom_view\dashboard_view.dart
DA:13,11
DA:15,0
DA:16,0
DA:21,0
DA:24,0
DA:25,0
DA:28,0
DA:30,0
DA:31,0
DA:32,0
DA:42,0
DA:43,0
DA:44,0
DA:45,0
DA:46,0
DA:48,0
DA:50,0
DA:62,0
DA:63,0
DA:69,0
DA:70,0
DA:98,0
DA:100,0
DA:161,11
DA:167,0
DA:169,0
DA:171,0
DA:172,0
DA:173,0
DA:175,0
DA:176,0
DA:177,0
DA:178,0
DA:187,0
DA:188,0
DA:189,0
DA:190,0
DA:191,0
DA:193,0
DA:196,0
DA:199,0
DA:201,0
DA:202,0
DA:203,0
DA:204,0
DA:208,0
DA:213,0
DA:216,0
DA:220,0
DA:222,0
DA:233,0
DA:245,0
DA:246,0
DA:247,0
DA:248,0
DA:250,0
DA:254,0
DA:255,0
DA:267,11
DA:274,0
DA:276,0
DA:277,0
DA:278,0
DA:279,0
DA:283,0
DA:284,0
DA:285,0
DA:290,0
DA:292,0
DA:293,0
DA:294,0
DA:301,0
DA:302,0
DA:303,0
DA:305,0
DA:306,0
DA:307,0
DA:308,0
DA:309,0
DA:310,0
DA:311,0
DA:315,0
DA:317,0
DA:318,0
LF:84
LH:3
end_of_record
SF:lib\features\home\presentation\view_model\home_state.dart
DA:16,0
DA:22,0
DA:23,0
DA:25,0
DA:26,0
DA:27,0
DA:31,0
DA:32,0
DA:40,0
DA:44,0
DA:45,0
DA:46,0
DA:50,0
DA:51,0
LF:14
LH:0
end_of_record
SF:lib\features\home\presentation\view_model\home_event.dart
DA:5,0
DA:7,0
DA:8,0
DA:15,0
LF:4
LH:0
end_of_record
