SF:lib\features\auth\data\model\auth_api_model.dart
DA:17,1
DA:27,2
DA:30,2
DA:34,1
DA:35,1
DA:36,1
DA:37,1
DA:38,1
DA:39,1
DA:40,1
DA:47,1
DA:48,1
DA:49,1
DA:50,1
DA:51,1
DA:52,1
DA:53,1
DA:56,0
DA:58,0
LF:19
LH:17
end_of_record
SF:lib\features\auth\data\model\auth_api_model.g.dart
DA:9,2
DA:10,1
DA:11,1
DA:12,1
DA:13,1
DA:14,1
DA:15,1
DA:18,1
DA:19,1
DA:20,1
DA:21,1
DA:22,1
DA:23,1
DA:24,1
DA:25,1
LF:15
LH:15
end_of_record
SF:lib\features\auth\domain\entity\auth_entity.dart
DA:11,5
DA:20,1
DA:22,7
LF:3
LH:3
end_of_record
SF:lib\app\shared_prefs\token_shared_prefs.dart
DA:8,0
DA:10,0
DA:12,0
DA:13,0
DA:15,0
DA:19,0
DA:21,0
DA:22,0
DA:24,0
LF:9
LH:0
end_of_record
SF:lib\core\error\failure.dart
DA:7,3
DA:9,0
DA:10,0
DA:14,0
DA:19,3
DA:25,0
LF:6
LH:2
end_of_record
SF:lib\features\auth\domain\use_case\login_user_usecase.dart
DA:12,1
DA:14,0
DA:19,0
DA:20,0
DA:28,1
DA:30,1
DA:33,4
LF:7
LH:4
end_of_record
SF:lib\features\auth\domain\use_case\register_user_usecase.dart
DA:17,1
DA:26,0
DA:34,0
DA:36,0
DA:44,1
DA:46,1
DA:48,1
DA:49,1
DA:50,1
DA:51,1
DA:52,1
DA:53,1
DA:55,2
LF:13
LH:10
end_of_record
SF:lib\features\auth\domain\use_case\upload_image_usecase.dart
DA:12,1
DA:17,0
DA:19,0
DA:20,0
DA:26,1
DA:28,1
DA:30,3
DA:31,3
LF:8
LH:5
end_of_record
